\BOOKMARK [-1][-]{part.1}{I\040Humanitarian\040IM}{}% 1
\BOOKMARK [0][-]{chapter.1}{Data\040Literacy}{part.1}% 2
\BOOKMARK [0][-]{chapter.2}{What\040is\040Information\040Management?}{part.1}% 3
\BOOKMARK [0][-]{chapter.3}{Collection}{part.1}% 4
\BOOKMARK [0][-]{chapter.4}{Processing}{part.1}% 5
\BOOKMARK [0][-]{chapter.5}{Design\040&\040Acquire}{part.1}% 6
\BOOKMARK [0][-]{chapter.6}{Analysis}{part.1}% 7
\BOOKMARK [1][-]{section.6.1}{The\040Analysis\040Spectrum}{chapter.6}% 8
\BOOKMARK [1][-]{section.6.2}{Understanding\040Bias}{chapter.6}% 9
\BOOKMARK [0][-]{chapter.7}{Communication}{part.1}% 10
\BOOKMARK [1][-]{section.7.1}{How\040to\040talk\040about\040numbers}{chapter.7}% 11
\BOOKMARK [1][-]{section.7.2}{Data\040Visualization}{chapter.7}% 12
\BOOKMARK [0][-]{chapter.8}{Data\040Responsibility}{part.1}% 13
\BOOKMARK [0][-]{chapter.9}{Tools}{part.1}% 14
\BOOKMARK [1][-]{section.9.1}{Microsoft\040Excel}{chapter.9}% 15
\BOOKMARK [1][-]{section.9.2}{QGIS/ArcGIS}{chapter.9}% 16
\BOOKMARK [1][-]{section.9.3}{Inkscape/Adobe\040Illustrator}{chapter.9}% 17
\BOOKMARK [1][-]{section.9.4}{Microsoft\040PowerBI}{chapter.9}% 18
\BOOKMARK [-1][-]{part.2}{II\040CCCM\040Operations\040IM}{}% 19
\BOOKMARK [0][-]{chapter.10}{The\040role\040of\040IM\040in\040CCCM\040Operations}{part.2}% 20
\BOOKMARK [0][-]{chapter.11}{Products\040&\040Templates}{part.2}% 21
\BOOKMARK [-1][-]{part.3}{III\040CCCM\040Cluster\040IM}{}% 22
\BOOKMARK [0][-]{chapter.12}{The\040role\040of\040IM\040in\040the\040Cluster}{part.3}% 23
\BOOKMARK [0][-]{chapter.13}{The\040HPC\040Cycle}{part.3}% 24
\BOOKMARK [1][-]{section.13.1}{Preparedness}{chapter.13}% 25
\BOOKMARK [1][-]{section.13.2}{Needs\040Assessment\040&\040Analysis}{chapter.13}% 26
\BOOKMARK [1][-]{section.13.3}{Strategic\040Planning}{chapter.13}% 27
\BOOKMARK [1][-]{section.13.4}{Resource\040Mobilization}{chapter.13}% 28
\BOOKMARK [1][-]{section.13.5}{Implementation\040&\040Monitoring}{chapter.13}% 29
\BOOKMARK [1][-]{section.13.6}{Operational\040Peer\040Review\040&\040Evaluation}{chapter.13}% 30
\BOOKMARK [0][-]{chapter.14}{Products\040&\040Templates}{part.3}% 31
\BOOKMARK [1][-]{section.14.1}{Cluster\040IM\040checklist}{chapter.14}% 32
\BOOKMARK [0][-]{chapter.15}{Conclusion}{part.3}% 33
\BOOKMARK [1][-]{section.15.1}{Further\040Reading}{chapter.15}% 34
